<?xml version="1.0" encoding="utf-8"?><testsuites name="pytest tests"><testsuite name="pytest" errors="0" failures="0" skipped="1" tests="23" time="6.587" timestamp="2026-01-07T15:21:15.876661+00:00" hostname="agent-env-94b2f0bf-4b0e-44a4-8422-396f7628ac43"><testcase classname="tests.test_geoblocking.TestGeoblockingPublicEndpoint" name="test_geoblocking_check_public" time="0.184" /><testcase classname="tests.test_geoblocking.TestGeoblockingAdminEndpoints" name="test_get_geoblocking_settings_unauthorized" time="0.043" /><testcase classname="tests.test_geoblocking.TestGeoblockingAdminEndpoints" name="test_get_geoblocking_settings" time="0.303" /><testcase classname="tests.test_geoblocking.TestGeoblockingAdminEndpoints" name="test_update_geoblocking_settings_enable" time="0.343" /><testcase classname="tests.test_geoblocking.TestGeoblockingAdminEndpoints" name="test_update_geoblocking_settings_disable" time="0.306" /><testcase classname="tests.test_geoblocking.TestGeoblockingAdminEndpoints" name="test_update_geoblocking_allowed_countries" time="0.447" /><testcase classname="tests.test_geoblocking.TestGeoblockingAdminEndpoints" name="test_update_geoblocking_block_message" time="0.346" /><testcase classname="tests.test_geoblocking.TestIPLogs" name="test_get_ip_logs_unauthorized" time="0.036" /><testcase classname="tests.test_geoblocking.TestIPLogs" name="test_get_ip_logs" time="0.301" /><testcase classname="tests.test_geoblocking.TestIPLogs" name="test_get_ip_logs_with_filters" time="0.370" /><testcase classname="tests.test_geoblocking.TestIPLogs" name="test_get_ip_logs_stats_unauthorized" time="0.073" /><testcase classname="tests.test_geoblocking.TestIPLogs" name="test_get_ip_logs_stats" time="0.305" /><testcase classname="tests.test_geoblocking.TestIPWhitelist" name="test_get_ip_whitelist_unauthorized" time="0.076" /><testcase classname="tests.test_geoblocking.TestIPWhitelist" name="test_get_ip_whitelist" time="0.295" /><testcase classname="tests.test_geoblocking.TestIPWhitelist" name="test_add_ip_to_whitelist" time="0.341" /><testcase classname="tests.test_geoblocking.TestIPWhitelist" name="test_add_duplicate_ip_to_whitelist" time="0.416" /><testcase classname="tests.test_geoblocking.TestIPWhitelist" name="test_remove_ip_from_whitelist" time="0.368" /><testcase classname="tests.test_geoblocking.TestIPWhitelist" name="test_remove_nonexistent_ip_from_whitelist" time="0.296" /><testcase classname="tests.test_geoblocking.TestGeoblockingRBAC" name="test_geoblocking_settings_moderator_denied" time="0.324" /><testcase classname="tests.test_geoblocking.TestGeoblockingRBAC" name="test_ip_logs_moderator_denied" time="0.300" /><testcase classname="tests.test_geoblocking.TestGeoblockingRBAC" name="test_ip_whitelist_moderator_denied" time="0.037"><skipped type="pytest.skip" message="Could not create moderator user">/app/tests/test_geoblocking.py:446: Could not create moderator user</skipped></testcase><testcase classname="tests.test_geoblocking.TestGeoblockingIntegration" name="test_full_whitelist_flow" time="0.443" /><testcase classname="tests.test_geoblocking.TestGeoblockingIntegration" name="test_geoblocking_toggle_flow" time="0.490" /></testsuite></testsuites>