<?xml version="1.0" encoding="utf-8"?><testsuites name="pytest tests"><testsuite name="pytest" errors="0" failures="0" skipped="0" tests="26" time="7.413" timestamp="2026-01-07T15:42:07.408047+00:00" hostname="agent-env-94b2f0bf-4b0e-44a4-8422-396f7628ac43"><testcase classname="tests.test_member_access.TestHealthCheck" name="test_api_health" time="0.081" /><testcase classname="tests.test_member_access.TestModeratorAuth" name="test_login_success" time="0.274" /><testcase classname="tests.test_member_access.TestGroupCreationAndMembers" name="test_add_member_with_passcode" time="0.401" /><testcase classname="tests.test_member_access.TestGroupCreationAndMembers" name="test_add_member_with_email" time="0.849" /><testcase classname="tests.test_member_access.TestGroupCreationAndMembers" name="test_get_members_access" time="0.444" /><testcase classname="tests.test_member_access.TestGroupCreationAndMembers" name="test_get_access_link" time="0.373" /><testcase classname="tests.test_member_access.TestGroupCreationAndMembers" name="test_update_passcode_auto_generate" time="0.491" /><testcase classname="tests.test_member_access.TestGroupCreationAndMembers" name="test_update_passcode_manual" time="0.422" /><testcase classname="tests.test_member_access.TestGroupCreationAndMembers" name="test_resend_invite_no_email" time="0.472" /><testcase classname="tests.test_member_access.TestGroupCreationAndMembers" name="test_resend_invite_with_email" time="1.056" /><testcase classname="tests.test_member_access.TestPublicGroupAccess" name="test_get_group_info_by_access_code" time="0.039" /><testcase classname="tests.test_member_access.TestPublicGroupAccess" name="test_get_group_info_invalid_code" time="0.035" /><testcase classname="tests.test_member_access.TestPublicGroupAccess" name="test_member_login_success" time="0.042" /><testcase classname="tests.test_member_access.TestPublicGroupAccess" name="test_member_login_invalid_passcode" time="0.040" /><testcase classname="tests.test_member_access.TestPublicGroupAccess" name="test_member_login_invalid_access_code" time="0.062" /><testcase classname="tests.test_member_access.TestMemberPortal" name="test_get_member_group_data" time="0.077" /><testcase classname="tests.test_member_access.TestMemberPortal" name="test_member_heartbeat" time="0.075" /><testcase classname="tests.test_member_access.TestMemberPortal" name="test_get_chat_messages" time="0.072" /><testcase classname="tests.test_member_access.TestMemberPortal" name="test_send_chat_message" time="0.094" /><testcase classname="tests.test_member_access.TestMemberPortal" name="test_send_empty_chat_message" time="0.071" /><testcase classname="tests.test_member_access.TestMemberPortal" name="test_chat_message_length_limit" time="0.115" /><testcase classname="tests.test_member_access.TestMemberPortal" name="test_member_portal_unauthorized" time="0.037" /><testcase classname="tests.test_member_access.TestModeratorChat" name="test_get_group_chat_moderator" time="0.455" /><testcase classname="tests.test_member_access.TestModeratorChat" name="test_send_chat_as_moderator" time="0.467" /><testcase classname="tests.test_member_access.TestModeratorChat" name="test_moderator_chat_empty_message" time="0.453" /><testcase classname="tests.test_member_access.TestExistingGroupAccess" name="test_existing_group_access_flow" time="0.299" /></testsuite></testsuites>