<?xml version="1.0" encoding="utf-8"?><testsuites name="pytest tests"><testsuite name="pytest" errors="0" failures="0" skipped="0" tests="25" time="5.813" timestamp="2026-01-06T20:57:41.278385+00:00" hostname="agent-env-94b2f0bf-4b0e-44a4-8422-396f7628ac43"><testcase classname="tests.test_rosca_new_features.TestHealthAndBasics" name="test_api_root" time="0.073" /><testcase classname="tests.test_rosca_new_features.TestMathChallenge" name="test_get_math_challenge" time="0.044" /><testcase classname="tests.test_rosca_new_features.TestRegistrationFlow" name="test_registration_init_missing_fields" time="0.047" /><testcase classname="tests.test_rosca_new_features.TestRegistrationFlow" name="test_registration_init_short_password" time="0.044" /><testcase classname="tests.test_rosca_new_features.TestRegistrationFlow" name="test_registration_init_success" time="0.778" /><testcase classname="tests.test_rosca_new_features.TestRegistrationFlow" name="test_registration_verify_invalid_code" time="0.044" /><testcase classname="tests.test_rosca_new_features.TestRegistrationFlow" name="test_registration_duplicate_email" time="0.048" /><testcase classname="tests.test_rosca_new_features.TestForgotPasswordFlow" name="test_forgot_password_success" time="0.391" /><testcase classname="tests.test_rosca_new_features.TestForgotPasswordFlow" name="test_forgot_password_nonexistent_email" time="0.042" /><testcase classname="tests.test_rosca_new_features.TestForgotPasswordFlow" name="test_reset_password_invalid_token" time="0.080" /><testcase classname="tests.test_rosca_new_features.TestForgotPasswordFlow" name="test_reset_password_short_password" time="0.043" /><testcase classname="tests.test_rosca_new_features.TestAuthentication" name="test_login_success" time="0.259" /><testcase classname="tests.test_rosca_new_features.TestAuthentication" name="test_login_invalid_credentials" time="0.312" /><testcase classname="tests.test_rosca_new_features.TestAuthentication" name="test_get_current_user" time="0.299" /><testcase classname="tests.test_rosca_new_features.TestAdminUserManagement" name="test_list_users_unauthorized" time="0.079" /><testcase classname="tests.test_rosca_new_features.TestAdminUserManagement" name="test_list_users_as_superadmin" time="0.304" /><testcase classname="tests.test_rosca_new_features.TestAdminUserManagement" name="test_update_user_role_invalid_role" time="0.334" /><testcase classname="tests.test_rosca_new_features.TestCMSContent" name="test_get_all_cms_content_public" time="0.078" /><testcase classname="tests.test_rosca_new_features.TestCMSContent" name="test_create_cms_content_unauthorized" time="0.034" /><testcase classname="tests.test_rosca_new_features.TestCMSContent" name="test_create_cms_content_as_superadmin" time="0.358" /><testcase classname="tests.test_rosca_new_features.TestCMSContent" name="test_get_cms_content_by_key" time="0.375" /><testcase classname="tests.test_rosca_new_features.TestCMSContent" name="test_update_cms_content" time="0.374" /><testcase classname="tests.test_rosca_new_features.TestCMSContent" name="test_delete_cms_content" time="0.425" /><testcase classname="tests.test_rosca_new_features.TestChangePassword" name="test_change_password_wrong_current" time="0.555" /><testcase classname="tests.test_rosca_new_features.TestLegacyRegister" name="test_legacy_register" time="0.261" /></testsuite></testsuites>